{"c:\\sites\\GameOfLife\\tests.js":{"path":"c:\\sites\\GameOfLife\\tests.js","s":{"1":1,"2":0,"3":0,"4":0,"5":0,"6":0,"7":0,"8":0,"9":0,"10":0,"11":0,"12":0,"13":0,"14":0,"15":0,"16":0,"17":0,"18":0,"19":0,"20":0,"21":0,"22":0,"23":0,"24":0,"25":0,"26":0,"27":0,"28":0,"29":0,"30":0,"31":0,"32":0,"33":0,"34":0,"35":0,"36":0,"37":0,"38":0,"39":0,"40":0,"41":0,"42":0,"43":0,"44":0,"45":0,"46":0,"47":0,"48":0,"49":0,"50":0,"51":0,"52":0,"53":0,"54":0,"55":0,"56":0,"57":0,"58":0,"59":0,"60":0,"61":0,"62":0,"63":0,"64":0,"65":0,"66":0,"67":0,"68":0,"69":0,"70":0,"71":0,"72":0,"73":0,"74":0,"75":0,"76":0,"77":0,"78":0,"79":0,"80":0,"81":0,"82":0,"83":0,"84":0,"85":0,"86":0,"87":0,"88":0,"89":0,"90":0,"91":0,"92":0,"93":0,"94":0,"95":0,"96":0,"97":0,"98":0,"99":0,"100":0,"101":0,"102":0,"103":0,"104":0},"b":{"1":[0,0],"2":[0,0,0],"3":[0,0,0]},"f":{"1":0,"2":0,"3":0,"4":0,"5":0,"6":0,"7":0,"8":0,"9":0,"10":0,"11":0,"12":0,"13":0,"14":0,"15":0,"16":0,"17":0,"18":0,"19":0,"20":0,"21":0,"22":0,"23":0,"24":0,"25":0,"26":0,"27":0,"28":0,"29":0,"30":0,"31":0,"32":0,"33":0,"34":0,"35":0,"36":0,"37":0},"fnMap":{"1":{"name":"(anonymous_1)","line":1,"loc":{"start":{"line":1,"column":24},"end":{"line":1,"column":35}}},"2":{"name":"(anonymous_2)","line":4,"loc":{"start":{"line":4,"column":22},"end":{"line":4,"column":55}}},"3":{"name":"(anonymous_3)","line":10,"loc":{"start":{"line":10,"column":62},"end":{"line":10,"column":73}}},"4":{"name":"(anonymous_4)","line":11,"loc":{"start":{"line":11,"column":51},"end":{"line":11,"column":62}}},"5":{"name":"(anonymous_5)","line":16,"loc":{"start":{"line":16,"column":63},"end":{"line":16,"column":74}}},"6":{"name":"(anonymous_6)","line":20,"loc":{"start":{"line":20,"column":44},"end":{"line":20,"column":55}}},"7":{"name":"(anonymous_7)","line":24,"loc":{"start":{"line":24,"column":77},"end":{"line":24,"column":88}}},"8":{"name":"(anonymous_8)","line":26,"loc":{"start":{"line":26,"column":49},"end":{"line":26,"column":64}}},"9":{"name":"(anonymous_9)","line":32,"loc":{"start":{"line":32,"column":70},"end":{"line":32,"column":81}}},"10":{"name":"(anonymous_10)","line":34,"loc":{"start":{"line":34,"column":45},"end":{"line":34,"column":60}}},"11":{"name":"(anonymous_11)","line":39,"loc":{"start":{"line":39,"column":62},"end":{"line":39,"column":73}}},"12":{"name":"(anonymous_12)","line":46,"loc":{"start":{"line":46,"column":57},"end":{"line":46,"column":68}}},"13":{"name":"(anonymous_13)","line":47,"loc":{"start":{"line":47,"column":19},"end":{"line":47,"column":30}}},"14":{"name":"(anonymous_14)","line":50,"loc":{"start":{"line":50,"column":53},"end":{"line":50,"column":64}}},"15":{"name":"(anonymous_15)","line":55,"loc":{"start":{"line":55,"column":75},"end":{"line":55,"column":86}}},"16":{"name":"(anonymous_16)","line":60,"loc":{"start":{"line":60,"column":49},"end":{"line":60,"column":60}}},"17":{"name":"(anonymous_17)","line":66,"loc":{"start":{"line":66,"column":47},"end":{"line":66,"column":58}}},"18":{"name":"(anonymous_18)","line":67,"loc":{"start":{"line":67,"column":19},"end":{"line":67,"column":30}}},"19":{"name":"(anonymous_19)","line":70,"loc":{"start":{"line":70,"column":71},"end":{"line":70,"column":82}}},"20":{"name":"(anonymous_20)","line":75,"loc":{"start":{"line":75,"column":90},"end":{"line":75,"column":101}}},"21":{"name":"(anonymous_21)","line":80,"loc":{"start":{"line":80,"column":79},"end":{"line":80,"column":90}}},"22":{"name":"(anonymous_22)","line":82,"loc":{"start":{"line":82,"column":48},"end":{"line":82,"column":63}}},"23":{"name":"(anonymous_23)","line":85,"loc":{"start":{"line":85,"column":54},"end":{"line":85,"column":69}}},"24":{"name":"(anonymous_24)","line":90,"loc":{"start":{"line":90,"column":45},"end":{"line":90,"column":60}}},"25":{"name":"(anonymous_25)","line":93,"loc":{"start":{"line":93,"column":48},"end":{"line":93,"column":63}}},"26":{"name":"(anonymous_26)","line":98,"loc":{"start":{"line":98,"column":73},"end":{"line":98,"column":84}}},"27":{"name":"(anonymous_27)","line":105,"loc":{"start":{"line":105,"column":59},"end":{"line":105,"column":70}}},"28":{"name":"(anonymous_28)","line":106,"loc":{"start":{"line":106,"column":19},"end":{"line":106,"column":30}}},"29":{"name":"(anonymous_29)","line":110,"loc":{"start":{"line":110,"column":61},"end":{"line":110,"column":72}}},"30":{"name":"(anonymous_30)","line":115,"loc":{"start":{"line":115,"column":63},"end":{"line":115,"column":74}}},"31":{"name":"(anonymous_31)","line":117,"loc":{"start":{"line":117,"column":48},"end":{"line":117,"column":63}}},"32":{"name":"(anonymous_32)","line":120,"loc":{"start":{"line":120,"column":52},"end":{"line":120,"column":67}}},"33":{"name":"(anonymous_33)","line":125,"loc":{"start":{"line":125,"column":74},"end":{"line":125,"column":85}}},"34":{"name":"(anonymous_34)","line":127,"loc":{"start":{"line":127,"column":45},"end":{"line":127,"column":60}}},"35":{"name":"(anonymous_35)","line":130,"loc":{"start":{"line":130,"column":45},"end":{"line":130,"column":60}}},"36":{"name":"(anonymous_36)","line":135,"loc":{"start":{"line":135,"column":62},"end":{"line":135,"column":73}}},"37":{"name":"(anonymous_37)","line":140,"loc":{"start":{"line":140,"column":66},"end":{"line":140,"column":77}}}},"statementMap":{"1":{"start":{"line":1,"column":0},"end":{"line":146,"column":3}},"2":{"start":{"line":2,"column":4},"end":{"line":2,"column":21}},"3":{"start":{"line":3,"column":4},"end":{"line":3,"column":37}},"4":{"start":{"line":4,"column":4},"end":{"line":8,"column":8}},"5":{"start":{"line":5,"column":8},"end":{"line":5,"column":49}},"6":{"start":{"line":6,"column":8},"end":{"line":6,"column":35}},"7":{"start":{"line":7,"column":8},"end":{"line":7,"column":64}},"8":{"start":{"line":10,"column":4},"end":{"line":44,"column":7}},"9":{"start":{"line":11,"column":8},"end":{"line":15,"column":11}},"10":{"start":{"line":12,"column":12},"end":{"line":12,"column":33}},"11":{"start":{"line":13,"column":12},"end":{"line":13,"column":26}},"12":{"start":{"line":14,"column":12},"end":{"line":14,"column":51}},"13":{"start":{"line":16,"column":8},"end":{"line":19,"column":11}},"14":{"start":{"line":17,"column":12},"end":{"line":17,"column":26}},"15":{"start":{"line":18,"column":12},"end":{"line":18,"column":53}},"16":{"start":{"line":20,"column":8},"end":{"line":23,"column":11}},"17":{"start":{"line":21,"column":12},"end":{"line":21,"column":26}},"18":{"start":{"line":22,"column":12},"end":{"line":22,"column":59}},"19":{"start":{"line":24,"column":8},"end":{"line":31,"column":11}},"20":{"start":{"line":25,"column":12},"end":{"line":25,"column":26}},"21":{"start":{"line":26,"column":12},"end":{"line":28,"column":15}},"22":{"start":{"line":27,"column":16},"end":{"line":27,"column":50}},"23":{"start":{"line":29,"column":12},"end":{"line":29,"column":56}},"24":{"start":{"line":30,"column":12},"end":{"line":30,"column":98}},"25":{"start":{"line":32,"column":8},"end":{"line":38,"column":11}},"26":{"start":{"line":33,"column":12},"end":{"line":33,"column":26}},"27":{"start":{"line":34,"column":12},"end":{"line":36,"column":15}},"28":{"start":{"line":35,"column":16},"end":{"line":35,"column":34}},"29":{"start":{"line":37,"column":12},"end":{"line":37,"column":53}},"30":{"start":{"line":39,"column":8},"end":{"line":43,"column":11}},"31":{"start":{"line":40,"column":12},"end":{"line":40,"column":39}},"32":{"start":{"line":41,"column":12},"end":{"line":41,"column":26}},"33":{"start":{"line":42,"column":12},"end":{"line":42,"column":57}},"34":{"start":{"line":46,"column":4},"end":{"line":64,"column":7}},"35":{"start":{"line":47,"column":8},"end":{"line":49,"column":11}},"36":{"start":{"line":48,"column":12},"end":{"line":48,"column":26}},"37":{"start":{"line":50,"column":8},"end":{"line":54,"column":11}},"38":{"start":{"line":51,"column":12},"end":{"line":51,"column":39}},"39":{"start":{"line":52,"column":12},"end":{"line":52,"column":32}},"40":{"start":{"line":53,"column":12},"end":{"line":53,"column":57}},"41":{"start":{"line":55,"column":8},"end":{"line":59,"column":11}},"42":{"start":{"line":56,"column":12},"end":{"line":56,"column":41}},"43":{"start":{"line":57,"column":12},"end":{"line":57,"column":32}},"44":{"start":{"line":58,"column":12},"end":{"line":58,"column":59}},"45":{"start":{"line":60,"column":8},"end":{"line":63,"column":11}},"46":{"start":{"line":61,"column":12},"end":{"line":61,"column":32}},"47":{"start":{"line":62,"column":12},"end":{"line":62,"column":47}},"48":{"start":{"line":66,"column":4},"end":{"line":103,"column":7}},"49":{"start":{"line":67,"column":8},"end":{"line":69,"column":11}},"50":{"start":{"line":68,"column":12},"end":{"line":68,"column":26}},"51":{"start":{"line":70,"column":8},"end":{"line":74,"column":11}},"52":{"start":{"line":71,"column":12},"end":{"line":71,"column":46}},"53":{"start":{"line":72,"column":12},"end":{"line":72,"column":39}},"54":{"start":{"line":73,"column":12},"end":{"line":73,"column":64}},"55":{"start":{"line":75,"column":8},"end":{"line":79,"column":11}},"56":{"start":{"line":76,"column":12},"end":{"line":76,"column":125}},"57":{"start":{"line":77,"column":12},"end":{"line":77,"column":39}},"58":{"start":{"line":78,"column":12},"end":{"line":78,"column":53}},"59":{"start":{"line":80,"column":8},"end":{"line":97,"column":11}},"60":{"start":{"line":81,"column":12},"end":{"line":81,"column":39}},"61":{"start":{"line":82,"column":12},"end":{"line":84,"column":15}},"62":{"start":{"line":83,"column":16},"end":{"line":83,"column":82}},"63":{"start":{"line":85,"column":12},"end":{"line":87,"column":15}},"64":{"start":{"line":86,"column":16},"end":{"line":86,"column":38}},"65":{"start":{"line":88,"column":12},"end":{"line":88,"column":51}},"66":{"start":{"line":90,"column":12},"end":{"line":92,"column":15}},"67":{"start":{"line":91,"column":16},"end":{"line":91,"column":85}},"68":{"start":{"line":93,"column":12},"end":{"line":95,"column":15}},"69":{"start":{"line":94,"column":16},"end":{"line":94,"column":39}},"70":{"start":{"line":96,"column":12},"end":{"line":96,"column":48}},"71":{"start":{"line":98,"column":8},"end":{"line":102,"column":11}},"72":{"start":{"line":99,"column":12},"end":{"line":99,"column":44}},"73":{"start":{"line":100,"column":12},"end":{"line":100,"column":39}},"74":{"start":{"line":101,"column":12},"end":{"line":101,"column":62}},"75":{"start":{"line":105,"column":4},"end":{"line":145,"column":7}},"76":{"start":{"line":106,"column":8},"end":{"line":109,"column":11}},"77":{"start":{"line":107,"column":12},"end":{"line":107,"column":26}},"78":{"start":{"line":108,"column":12},"end":{"line":108,"column":39}},"79":{"start":{"line":110,"column":8},"end":{"line":114,"column":11}},"80":{"start":{"line":111,"column":12},"end":{"line":111,"column":44}},"81":{"start":{"line":112,"column":12},"end":{"line":112,"column":37}},"82":{"start":{"line":113,"column":12},"end":{"line":113,"column":62}},"83":{"start":{"line":115,"column":8},"end":{"line":124,"column":11}},"84":{"start":{"line":116,"column":12},"end":{"line":116,"column":37}},"85":{"start":{"line":117,"column":12},"end":{"line":119,"column":15}},"86":{"start":{"line":118,"column":16},"end":{"line":118,"column":38}},"87":{"start":{"line":120,"column":12},"end":{"line":122,"column":15}},"88":{"start":{"line":121,"column":16},"end":{"line":121,"column":34}},"89":{"start":{"line":123,"column":12},"end":{"line":123,"column":49}},"90":{"start":{"line":125,"column":8},"end":{"line":134,"column":11}},"91":{"start":{"line":126,"column":12},"end":{"line":126,"column":37}},"92":{"start":{"line":127,"column":12},"end":{"line":129,"column":15}},"93":{"start":{"line":128,"column":16},"end":{"line":128,"column":39}},"94":{"start":{"line":130,"column":12},"end":{"line":132,"column":15}},"95":{"start":{"line":131,"column":16},"end":{"line":131,"column":35}},"96":{"start":{"line":133,"column":12},"end":{"line":133,"column":45}},"97":{"start":{"line":135,"column":8},"end":{"line":139,"column":11}},"98":{"start":{"line":136,"column":12},"end":{"line":136,"column":41}},"99":{"start":{"line":137,"column":12},"end":{"line":137,"column":37}},"100":{"start":{"line":138,"column":12},"end":{"line":138,"column":53}},"101":{"start":{"line":140,"column":8},"end":{"line":144,"column":11}},"102":{"start":{"line":141,"column":12},"end":{"line":141,"column":39}},"103":{"start":{"line":142,"column":12},"end":{"line":142,"column":37}},"104":{"start":{"line":143,"column":12},"end":{"line":143,"column":57}}},"branchMap":{"1":{"line":27,"type":"binary-expr","locations":[{"start":{"line":27,"column":23},"end":{"line":27,"column":34}},{"start":{"line":27,"column":38},"end":{"line":27,"column":49}}]},"2":{"line":83,"type":"binary-expr","locations":[{"start":{"line":83,"column":23},"end":{"line":83,"column":42}},{"start":{"line":83,"column":47},"end":{"line":83,"column":66}},{"start":{"line":83,"column":70},"end":{"line":83,"column":80}}]},"3":{"line":91,"type":"binary-expr","locations":[{"start":{"line":91,"column":25},"end":{"line":91,"column":44}},{"start":{"line":91,"column":49},"end":{"line":91,"column":68}},{"start":{"line":91,"column":72},"end":{"line":91,"column":82}}]}}}}